<?xml version="1.0" encoding="UTF-8"?>
<!-- Generated by org.testng.reporters.JUnitXMLReporter -->
<testsuite ignored="0" hostname="DESKTOP-62E9OVJ" failures="0" tests="6" name="Default test" time="373.001" errors="0" timestamp="2025-02-05T12:13:07 IST">
  <testcase classname="com.entry.testcases.Outside_After_lessthan2Year" name="sc1" time="59.767"/>
  <testcase classname="com.entry.testcases.Outside_After_lessthan2Year" name="sc2" time="57.639"/>
  <testcase classname="com.entry.testcases.Outside_After_lessthan2Year" name="sc3" time="67.74"/>
  <testcase classname="com.entry.testcases.Outside_After_lessthan2Year" name="sc4" time="57.997"/>
  <testcase classname="com.entry.testcases.Outside_After_lessthan2Year" name="sc5" time="59.328"/>
  <testcase classname="com.entry.testcases.Outside_After_lessthan2Year" name="sc6" time="68.016"/>
</testsuite> <!-- Default test -->
