<?xml version="1.0" encoding="UTF-8"?>
<testng-results ignored="0" total="4" passed="4" failed="0" skipped="0">
  <reporter-output>
  </reporter-output>
  <suite started-at="2025-02-06T15:59:41 IST" name="Suite" finished-at="2025-02-06T16:05:01 IST" duration-ms="319763">
    <groups>
    </groups>
    <test started-at="2025-02-06T15:59:41 IST" name="Test" finished-at="2025-02-06T16:05:01 IST" duration-ms="319763">
      <class name="com.entry.testcases.Outside_Expansion_Before">
        <test-method is-config="true" signature="setup()[pri:0, instance:com.entry.testcases.Outside_Expansion_Before@72cc7e6f]" started-at="2025-02-06T15:59:41 IST" name="setup" finished-at="2025-02-06T15:59:43 IST" duration-ms="2137" status="PASS">
          <reporter-output>
          </reporter-output>
        </test-method> <!-- setup -->
        <test-method signature="sc1()[pri:1, instance:com.entry.testcases.Outside_Expansion_Before@72cc7e6f]" started-at="2025-02-06T15:59:43 IST" name="sc1" finished-at="2025-02-06T16:00:59 IST" duration-ms="75552" status="PASS">
          <reporter-output>
          </reporter-output>
        </test-method> <!-- sc1 -->
        <test-method signature="sc2()[pri:2, instance:com.entry.testcases.Outside_Expansion_Before@72cc7e6f]" started-at="2025-02-06T16:00:59 IST" name="sc2" finished-at="2025-02-06T16:02:13 IST" duration-ms="73767" status="PASS">
          <reporter-output>
          </reporter-output>
        </test-method> <!-- sc2 -->
        <test-method signature="sc3()[pri:3, instance:com.entry.testcases.Outside_Expansion_Before@72cc7e6f]" started-at="2025-02-06T16:02:13 IST" name="sc3" finished-at="2025-02-06T16:03:36 IST" duration-ms="83418" status="PASS">
          <reporter-output>
          </reporter-output>
        </test-method> <!-- sc3 -->
        <test-method signature="sc4()[pri:4, instance:com.entry.testcases.Outside_Expansion_Before@72cc7e6f]" started-at="2025-02-06T16:03:36 IST" name="sc4" finished-at="2025-02-06T16:05:01 IST" duration-ms="84385" status="PASS">
          <reporter-output>
          </reporter-output>
        </test-method> <!-- sc4 -->
        <test-method is-config="true" signature="tear()[pri:0, instance:com.entry.testcases.Outside_Expansion_Before@72cc7e6f]" started-at="2025-02-06T16:05:01 IST" name="tear" finished-at="2025-02-06T16:05:01 IST" duration-ms="230" status="PASS">
          <reporter-output>
          </reporter-output>
        </test-method> <!-- tear -->
      </class> <!-- com.entry.testcases.Outside_Expansion_Before -->
    </test> <!-- Test -->
  </suite> <!-- Suite -->
</testng-results>
